<?xml version="1.0" encoding="UTF-8"?>
<!-- Generated by org.testng.reporters.JUnitReportReporter -->
<testsuite hostname="Digvijay" failures="0" tests="1" name="testCases.TC01_AccountLoginTest" time="10.340" errors="0" timestamp="2025-07-06T17:12:33 IST" skipped="0">
  <testcase classname="testCases.TC01_AccountLoginTest" name="Verify_Account_Registartion" time="10.340"/>
</testsuite> <!-- testCases.TC01_AccountLoginTest -->
