<?xml version="1.0" encoding="UTF-8"?>
<!-- Generated by org.testng.reporters.JUnitReportReporter -->
<testsuite hostname="Digvijay" failures="0" tests="1" name="testCases.TC01_AccountRegistrationTest" time="8.857" errors="0" timestamp="2025-07-06T09:25:51 IST" skipped="0">
  <testcase classname="testCases.TC01_AccountRegistrationTest" name="Verify_Account_Registartion" time="8.857"/>
</testsuite> <!-- testCases.TC01_AccountRegistrationTest -->
