<?xml version="1.0" encoding="UTF-8"?>
<!-- Generated by org.testng.reporters.JUnitReportReporter -->
<testsuite hostname="Digvijay" failures="0" tests="1" name="testCases.TC01_AccountLoginTest" time="11.798" errors="0" timestamp="2025-07-06T19:10:48 IST" skipped="0">
  <testcase classname="testCases.TC01_AccountLoginTest" name="Verify_Account_Registartion" time="11.798"/>
</testsuite> <!-- testCases.TC01_AccountLoginTest -->
